<?xml version="1.0" encoding="UTF-8"?>
<testsuites>
    <testsuite name="force.apex" timestamp="2020-09-08T09:46:31-04:00" hostname="https://newco--dev.my.salesforce.com" tests="3" failures="1"  errors="0"  time="7.36">
        <properties>
            <property name="outcome" value="Failed"/>
            <property name="testsRan" value="3"/>
            <property name="passing" value="2"/>
            <property name="failing" value="1"/>
            <property name="skipped" value="0"/>
            <property name="passRate" value="67%"/>
            <property name="failRate" value="33%"/>
            <property name="testStartTime" value="Sep 8, 2020 9:46 AM"/>
            <property name="testExecutionTime" value="7.36 s"/>
            <property name="testTotalTime" value="7.36 s"/>
            <property name="commandTime" value="9.62 s"/>
            <property name="hostname" value="https://newco--dev.my.salesforce.com"/>
            <property name="orgId" value="00D5C0000008qu6UAA"/>
            <property name="username" value="mark.moser@dllgroup.com.dev"/>
            <property name="testRunId" value="7075C00000hEmko"/>
            <property name="userId" value="0051I000000cQh5QAE"/>
        </properties>
        <testcase name="app_clearPricing_cleared" classname="FMZ_ApplicationControllerTest" time="4.96">
        </testcase>
        <testcase name="app_generatePricing_updated" classname="FMZ_ApplicationControllerTest" time="0.4">
            <failure message="System.QueryException: List has no rows for assignment to SObject"><![CDATA[Class.cllease.TestHelper.getVATRateSetup: line 1217, column 1
Class.cllease.TestHelper.createOffice: line 674, column 1
Class.FMZ_ApplicationControllerTest.app_generatePricing_updated: line 219, column 1]]></failure>
        </testcase>
        <testcase name="checkCompletion" classname="FMZ_ApplicationControllerTest" time="2">
        </testcase>
    </testsuite>
</testsuites>
