<?xml version="1.0" encoding="UTF-8"?>
<testsuites>
    <testsuite name="force.apex" timestamp="2020-09-08T09:39:52-04:00" hostname="https://newco--dev.my.salesforce.com" tests="3" failures="2"  errors="0"  time="6.18">
        <properties>
            <property name="outcome" value="Failed"/>
            <property name="testsRan" value="3"/>
            <property name="passing" value="1"/>
            <property name="failing" value="2"/>
            <property name="skipped" value="0"/>
            <property name="passRate" value="33%"/>
            <property name="failRate" value="67%"/>
            <property name="testStartTime" value="Sep 8, 2020 9:39 AM"/>
            <property name="testExecutionTime" value="6.18 s"/>
            <property name="testTotalTime" value="6.18 s"/>
            <property name="commandTime" value="13.71 s"/>
            <property name="hostname" value="https://newco--dev.my.salesforce.com"/>
            <property name="orgId" value="00D5C0000008qu6UAA"/>
            <property name="username" value="mark.moser@dllgroup.com.dev"/>
            <property name="testRunId" value="7075C00000hEml0"/>
            <property name="userId" value="0051I000000cQh5QAE"/>
        </properties>
        <testcase name="app_clearPricing_cleared" classname="FMZ_ApplicationControllerTest" time="1.01">
            <failure message="System.QueryException: List has no rows for assignment to SObject"><![CDATA[Class.cllease.TestHelper.getVATRateSetup: line 1217, column 1
Class.cllease.TestHelper.createOffice: line 674, column 1
Class.FMZ_ApplicationControllerTest.app_clearPricing_cleared: line 22, column 1]]></failure>
        </testcase>
        <testcase name="app_generatePricing_updated" classname="FMZ_ApplicationControllerTest" time="0.12">
            <failure message="System.QueryException: List has no rows for assignment to SObject"><![CDATA[Class.cllease.TestHelper.getVATRateSetup: line 1217, column 1
Class.cllease.TestHelper.createOffice: line 674, column 1
Class.FMZ_ApplicationControllerTest.app_generatePricing_updated: line 218, column 1]]></failure>
        </testcase>
        <testcase name="checkCompletion" classname="FMZ_ApplicationControllerTest" time="5.06">
        </testcase>
    </testsuite>
</testsuites>
