<?xml version="1.0" encoding="UTF-8"?>
<testsuites>
    <testsuite name="force.apex" timestamp="2020-09-08T10:08:49-04:00" hostname="https://newco--dev.my.salesforce.com" tests="3" failures="1"  errors="0"  time="2.13">
        <properties>
            <property name="outcome" value="Failed"/>
            <property name="testsRan" value="3"/>
            <property name="passing" value="2"/>
            <property name="failing" value="1"/>
            <property name="skipped" value="0"/>
            <property name="passRate" value="67%"/>
            <property name="failRate" value="33%"/>
            <property name="testStartTime" value="Sep 8, 2020 10:08 AM"/>
            <property name="testExecutionTime" value="2.13 s"/>
            <property name="testTotalTime" value="2.13 s"/>
            <property name="commandTime" value="20.29 s"/>
            <property name="hostname" value="https://newco--dev.my.salesforce.com"/>
            <property name="orgId" value="00D5C0000008qu6UAA"/>
            <property name="username" value="mark.moser@dllgroup.com.dev"/>
            <property name="testRunId" value="7075C00000hEn0Q"/>
            <property name="userId" value="0051I000000cQh5QAE"/>
        </properties>
        <testcase name="app_getTerms_returned" classname="FMZ_ApplicationTermsControllerTest" time="0.04">
        </testcase>
        <testcase name="app_updateTerm_updated" classname="FMZ_ApplicationTermsControllerTest" time="0.18">
        </testcase>
        <testcase name="getTermOptionsTest" classname="FMZ_ApplicationTermsControllerTest" time="1.91">
            <failure message="System.QueryException: List has no rows for assignment to SObject"><![CDATA[Class.cllease.TestHelper.getVATRateSetup: line 1217, column 1
Class.cllease.TestHelper.createOffice: line 674, column 1
Class.FMZ_ApplicationTermsControllerTest.getTermOptionsTest: line 111, column 1]]></failure>
        </testcase>
    </testsuite>
</testsuites>
