<?xml version="1.0" encoding="UTF-8"?>
<testsuites>
    <testsuite name="force.apex" timestamp="2020-09-08T14:51:38-04:00" hostname="https://newco--dev.my.salesforce.com" tests="1" failures="1"  errors="0"  time="16.31">
        <properties>
            <property name="outcome" value="Failed"/>
            <property name="testsRan" value="1"/>
            <property name="passing" value="0"/>
            <property name="failing" value="1"/>
            <property name="skipped" value="0"/>
            <property name="passRate" value="0%"/>
            <property name="failRate" value="100%"/>
            <property name="testStartTime" value="Sep 8, 2020 2:51 PM"/>
            <property name="testExecutionTime" value="16.31 s"/>
            <property name="testTotalTime" value="16.31 s"/>
            <property name="commandTime" value="24.98 s"/>
            <property name="hostname" value="https://newco--dev.my.salesforce.com"/>
            <property name="orgId" value="00D5C0000008qu6UAA"/>
            <property name="username" value="mark.moser@dllgroup.com.dev"/>
            <property name="testRunId" value="7075C00000hEpcL"/>
            <property name="userId" value="0051I000000cQh5QAE"/>
        </properties>
        <testcase name="testVertexOnCharge" classname="TestGetTaxonChargesJob" time="16.31">
            <failure message="System.DmlException: Insert failed. First exception on row 0; first error: REQUIRED_FIELD_MISSING, Required fields are missing: [cllease__Date__c]: [cllease__Date__c]"><![CDATA[Class.TestGetTaxonChargesJob.testVertexOnCharge: line 51, column 1]]></failure>
        </testcase>
    </testsuite>
</testsuites>
